<?xml version="1.0" encoding="UTF-8"?>
<testng-results ignored="0" total="1" passed="1" failed="0" skipped="0">
  <reporter-output>
  </reporter-output>
  <suite started-at="2026-02-08T11:24:09 IST" name="Regression" finished-at="2026-02-08T11:24:14 IST" duration-ms="5086">
    <groups>
      <group name="cucumber">
        <method signature="AbstractTestNGCucumberTests.runScenario(io.cucumber.testng.PickleWrapper,io.cucumber.testng.FeatureWrapper)[pri:0, instance:com.vtiger.runner.TestRunner@72967906]" name="runScenario" class="io.cucumber.testng.AbstractTestNGCucumberTests"/>
      </group> <!-- cucumber -->
    </groups>
    <test started-at="2026-02-08T11:24:09 IST" name="TestOnChrome" finished-at="2026-02-08T11:24:14 IST" duration-ms="5086">
      <class name="com.vtiger.runner.TestRunner">
        <test-method is-config="true" signature="setUpClass(org.testng.ITestContext)[pri:0, instance:com.vtiger.runner.TestRunner@72967906]" started-at="2026-02-08T11:24:09 IST" name="setUpClass" finished-at="2026-02-08T11:24:09 IST" duration-ms="392" status="PASS">
          <params>
            <param index="0">
              <value>
                <![CDATA[org.testng.TestRunner@7661e474]]>
              </value>
            </param>
          </params>
          <reporter-output>
          </reporter-output>
        </test-method> <!-- setUpClass -->
        <test-method is-config="true" signature="defineBrowser(java.lang.String)[pri:0, instance:com.vtiger.runner.TestRunner@72967906]" started-at="2026-02-08T11:24:09 IST" name="defineBrowser" finished-at="2026-02-08T11:24:09 IST" duration-ms="1" status="PASS">
          <params>
            <param index="0">
              <value>
                <![CDATA[chrome]]>
              </value>
            </param>
          </params>
          <reporter-output>
          </reporter-output>
        </test-method> <!-- defineBrowser -->
        <test-method signature="runScenario(io.cucumber.testng.PickleWrapper,io.cucumber.testng.FeatureWrapper)[pri:0, instance:com.vtiger.runner.TestRunner@72967906]" started-at="2026-02-08T11:24:09 IST" name="runScenario" description="Runs Cucumber Scenarios" data-provider="scenarios" finished-at="2026-02-08T11:24:14 IST" duration-ms="4641" status="PASS">
          <params>
            <param index="0">
              <value>
                <![CDATA["valid_login_TC01"]]>
              </value>
            </param>
            <param index="1">
              <value>
                <![CDATA["login functionality"]]>
              </value>
            </param>
          </params>
          <reporter-output>
          </reporter-output>
        </test-method> <!-- runScenario -->
        <test-method is-config="true" signature="tearDownClass()[pri:0, instance:com.vtiger.runner.TestRunner@72967906]" started-at="2026-02-08T11:24:14 IST" name="tearDownClass" finished-at="2026-02-08T11:24:14 IST" duration-ms="26" status="PASS">
          <reporter-output>
          </reporter-output>
        </test-method> <!-- tearDownClass -->
      </class> <!-- com.vtiger.runner.TestRunner -->
    </test> <!-- TestOnChrome -->
  </suite> <!-- Regression -->
</testng-results>
